810.2498 2.49388243627e-11
805.8937 2.64755770605e-11
801.5841 2.8180528781e-11
797.3204 2.99803414286e-11
793.1017 3.18748523027e-11
788.9276 3.39580018842e-11
784.797 3.62628969171e-11
780.7095 3.87398254608e-11
776.6644 4.13812503427e-11
772.6609 4.42693992624e-11
768.6987 4.74631246939e-11
764.7767 5.0939979148e-11
760.8946 5.46942489916e-11
757.0516 5.88017192912e-11
753.2473 6.33395284827e-11
749.4811 6.83228080432e-11
745.7523 7.37554983958e-11
742.0606 7.97170385866e-11
738.405 8.63069712568e-11
734.7854 9.35736444239e-11
731.2011 1.0154624592e-10
727.6516 1.10305991471e-10
724.1364 1.19967074472e-10
720.6549 1.30602661605e-10
717.2068 1.42252500515e-10
713.7916 1.54979819621e-10
710.4086 1.68864976532e-10
707.0577 1.83934945185e-10
703.7382 2.00142957326e-10
700.4496 2.17402489546e-10
697.1918 2.35589207479e-10
693.964 2.54471188819e-10
690.766 2.73669248749e-10
687.5974 2.92692843011e-10
684.4576 3.10972774517e-10
681.3465 3.27845100235e-10
678.2635 3.42571997384e-10
675.2083 3.54439427286e-10
672.1804 3.62875149029e-10
669.1796 3.67495941019e-10
666.2054 3.68132704553e-10
663.2576 3.64860940302e-10
660.3358 3.58022126561e-10
657.4396 3.48147872933e-10
654.5687 3.35857426418e-10
651.7228 3.21785504155e-10
648.9014 3.06558089674e-10
646.1044 2.90747119894e-10
643.3315 2.74809328635e-10
640.5822 2.59087790364e-10
637.8563 2.43838835996e-10
635.1535 2.29259054918e-10
632.4735 2.15469339338e-10
629.816 2.02513919087e-10
627.1808 1.90404998794e-10
624.5676 1.79148998412e-10
621.976 1.68729133652e-10
619.4059 1.59095645332e-10
616.8569 1.5019127166e-10
614.3288 1.41975750256e-10
611.8213 1.34412227823e-10
609.3344 1.27443024984e-10
606.8673 1.21007836138e-10
604.4202 1.15066983933e-10
601.9929 1.0959356233e-10
599.5849 1.04544005064e-10
597.196 9.98691549013e-11
594.8263 9.55379960703e-11
592.4752 9.15351504503e-11
590.1426 8.78341056075e-11
587.8283 8.43974706182e-11
585.5321 8.1201553666e-11
583.2538 7.82411855078e-11
580.9932 7.55022154594e-11
578.7499 7.29517479432e-11
576.5239 7.05665105565e-11
574.3151 6.83461961208e-11
572.123 6.62915937624e-11
569.9476 6.43878978548e-11
567.7888 6.26185190888e-11
565.6462 6.09811291247e-11
563.5197 5.94709577947e-11
561.4091 5.80661884617e-11
559.3143 5.67460933695e-11
557.235 5.5514514733e-11
555.1712 5.43867195752e-11
553.1226 5.33607149767e-11
551.0891 5.24185316464e-11
549.0704 5.1552102449e-11
547.0665 5.07665453283e-11
545.0771 5.00637387743e-11
543.1022 4.94329012671e-11
541.1417 4.88562846321e-11
539.1951 4.83064856578e-11
537.2625 4.77499060124e-11
535.3436 4.71785716456e-11
533.4385 4.66371231348e-11
531.5469 4.61868974702e-11
529.6686 4.58427721171e-11
527.8036 4.5570422768e-11
525.9517 4.53515934846e-11
524.1126 4.52123057029e-11
522.2865 4.51731495094e-11
520.473 4.52077879712e-11
518.6721 4.52807280724e-11
516.8835 4.53937823987e-11
515.1073 4.5566862563e-11
513.3432 4.57964839487e-11
511.5912 4.60750257067e-11
509.8511 4.6428325621e-11
508.1228 4.68846864914e-11
506.4062 4.74250529511e-11
504.701 4.80184331609e-11
503.0075 4.86980236942e-11
501.3252 4.95401742276e-11
499.6541 5.05554060559e-11
497.9941 5.16647514894e-11
496.3451 5.27947966536e-11
494.707 5.39340866356e-11
493.0797 5.50815651941e-11
491.463 5.62539328618e-11
489.857 5.7592982727e-11
488.2613 5.93356576022e-11
486.676 6.15288547443e-11
485.101 6.38443234664e-11
483.5362 6.58597047129e-11
481.9814 6.75152939267e-11
480.4366 6.90770737723e-11
478.9016 7.05965926439e-11
477.3766 7.16625054001e-11
475.861 7.19098599316e-11
474.3551 7.16396042909e-11
472.8588 7.16550744549e-11
471.3718 7.24826216027e-11
469.8941 7.39834591206e-11
468.4257 7.57646076343e-11
466.9664 7.76840167227e-11
465.5162 7.97681077195e-11
464.075 8.18465293843e-11
462.6427 8.36054263543e-11
461.2192 8.50213647905e-11
459.8044 8.64948932579e-11
458.3982 8.84611464404e-11
457.0006 9.10122800769e-11
455.6116 9.39905789064e-11
454.231 9.73214464907e-11
452.8587 1.01091095716e-10
451.4946 1.05354183212e-10
450.1388 1.09992791815e-10
448.7911 1.14759585727e-10
447.4514 1.1934708481e-10
446.1198 1.2342667135e-10
444.7959 1.26775161144e-10
443.4799 1.29488198919e-10
442.1718 1.32057605822e-10
440.8712 1.35183017047e-10
439.5783 1.39470814371e-10
438.2931 1.45254087225e-10
437.0152 1.5256973306e-10
435.7448 1.61221823165e-10
434.4818 1.70902851108e-10
433.2261 1.81345913923e-10
431.9775 1.92383358551e-10
430.7363 2.03816028095e-10
429.5021 2.15206095777e-10
428.275 2.25883293358e-10
427.0547 2.35217475773e-10
425.8415 2.42920915628e-10
424.6352 2.49054910914e-10
423.4357 2.537230887e-10
422.2429 2.56738942193e-10
421.0568 2.57589379193e-10
419.8774 2.55721916384e-10
418.7045 2.50891402651e-10
417.5382 2.43302444193e-10
416.3784 2.33517255429e-10
415.225 2.22327812104e-10
414.078 2.10689928756e-10
412.9373 1.99647348561e-10
411.8028 1.90141241966e-10
410.6746 1.82799122664e-10
409.5525 1.77870769606e-10
408.4366 1.75287228196e-10
407.3268 1.74741866832e-10
406.2228 1.75745917217e-10
405.1249 1.77772285188e-10
404.0329 1.8046217397e-10
402.9468 1.83705347093e-10
401.8665 1.87485786093e-10
400.7921 1.91658549615e-10
399.7233 1.95903862686e-10
398.6602 1.99825531662e-10
397.6027 2.03045879854e-10
396.5509 2.05247725214e-10
395.5045 2.06233631349e-10
394.4638 2.0600024045e-10
393.4284 2.04701194039e-10
392.3985 2.02522940824e-10
391.3739 1.99623648292e-10
390.3547 1.96202443183e-10
389.3409 1.92527304175e-10
388.3322 1.88828877924e-10
387.3288 1.85186878056e-10
386.3304 1.81564693728e-10
385.3374 1.77925649239e-10
384.3493 1.74254258166e-10
383.3663 1.70497816778e-10
382.3883 1.66562638024e-10
381.4153 1.62396629875e-10
380.4473 1.5803531787e-10
379.4841 1.53567045319e-10
378.5258 1.49101888976e-10
377.5724 1.44779998667e-10
376.6237 1.40755409204e-10
375.6797 1.37134241777e-10
374.7405 1.33946023418e-10
373.8061 1.31203798013e-10
372.8762 1.28939762335e-10
371.9509 1.27167148039e-10
371.0303 1.25835684088e-10
370.1141 1.24863570638e-10
369.2025 1.24166957593e-10
368.2954 1.2362729754e-10
367.3927 1.230664979e-10
366.4944 1.22324519377e-10
365.6006 1.2134761096e-10
364.711 1.20171690889e-10
363.8258 1.18832725767e-10
362.9448 1.17352912547e-10
362.0682 1.15777262161e-10
361.1957 1.14150163144e-10
360.3275 1.12449584533e-10
359.4634 1.10608721444e-10
358.6034 1.08630384651e-10
357.7476 1.06597180001e-10
356.8958 1.04571825878e-10
356.048 1.02563258344e-10
355.2043 1.00601760841e-10
354.3646 9.87792499962e-11
353.5288 9.71495075638e-11
352.697 9.56475363916e-11
