810.2498 3.39039545969e-11
805.8937 3.60063731125e-11
801.5841 3.83107421842e-11
797.3204 4.0786239033e-11
793.1017 4.34259344671e-11
788.9276 4.6292376941e-11
784.797 4.94310848995e-11
780.7095 5.28333461934e-11
776.6644 5.64986530045e-11
772.6609 6.04863790751e-11
768.6987 6.48611283675e-11
764.7767 6.96397885113e-11
760.8946 7.48354789387e-11
757.0516 8.05128612143e-11
753.2473 8.67540072302e-11
749.4811 9.36121480606e-11
745.7523 1.01122278676e-10
742.0606 1.09366038929e-10
738.405 1.18451593834e-10
734.7854 1.28467463338e-10
731.2011 1.39483627816e-10
727.6516 1.51597618627e-10
724.1364 1.64937841252e-10
720.6549 1.79615110141e-10
717.2068 1.95713659861e-10
713.7916 2.13316218878e-10
710.4086 2.32505795024e-10
707.0577 2.53320750335e-10
703.7382 2.75722592081e-10
700.4496 2.99595001503e-10
697.1918 3.24741249878e-10
693.964 3.50835109817e-10
690.766 3.77374583955e-10
687.5974 4.0369008067e-10
684.4576 4.28974284153e-10
681.3465 4.52298001887e-10
678.2635 4.72656942369e-10
675.2083 4.89075653333e-10
672.1804 5.00746479021e-10
669.1796 5.07123699725e-10
666.2054 5.07982802038e-10
663.2576 5.0344171323e-10
660.3358 4.93962500069e-10
657.4396 4.80264176063e-10
654.5687 4.63209135979e-10
651.7228 4.43692160458e-10
648.9014 4.22575405002e-10
646.1044 4.00635416226e-10
643.3315 3.78506601747e-10
640.5822 3.56680130463e-10
637.8563 3.35512208015e-10
635.1535 3.15260958596e-10
632.4735 2.96090882394e-10
629.816 2.7807808227e-10
627.1808 2.61244321389e-10
624.5676 2.45585866338e-10
621.976 2.31073307291e-10
619.4059 2.17649219533e-10
616.8569 2.05242469286e-10
614.3288 1.93787249096e-10
611.8213 1.8322318638e-10
609.3344 1.73478888474e-10
606.8673 1.644808294e-10
604.4202 1.56167527986e-10
601.9929 1.48490300807e-10
599.5849 1.41393956993e-10
597.196 1.34821647856e-10
594.8263 1.28726995876e-10
592.4752 1.23076822979e-10
590.1426 1.17835959495e-10
587.8283 1.1296383889e-10
585.5321 1.0842775815e-10
583.2538 1.04208217493e-10
580.9932 1.00283610772e-10
578.7499 9.66198648162e-11
576.5239 9.31882750533e-11
574.3151 8.99768803903e-11
572.123 8.69800932889e-11
569.9476 8.41861021124e-11
567.7888 8.15787425624e-11
565.6462 7.91469146798e-11
563.5197 7.68775253805e-11
561.4091 7.47488392601e-11
559.3143 7.27413678982e-11
557.235 7.08535382936e-11
555.1712 6.90952551544e-11
553.1226 6.74680660589e-11
551.0891 6.59601172357e-11
549.0704 6.45598315131e-11
547.0665 6.32618950382e-11
545.0771 6.20627262736e-11
543.1022 6.0951348818e-11
541.1417 5.99050065432e-11
539.1951 5.88855230411e-11
537.2625 5.78546324781e-11
535.3436 5.68113458401e-11
533.4385 5.58089339253e-11
531.5469 5.49104196127e-11
529.6686 5.41280470769e-11
527.8036 5.34256480363e-11
525.9517 5.27801395937e-11
524.1126 5.22088853421e-11
522.2865 5.1730933404e-11
520.473 5.13324857304e-11
518.6721 5.09922575745e-11
516.8835 5.0707449628e-11
515.1073 5.04742369532e-11
513.3432 5.02688841282e-11
511.5912 5.0087135191e-11
509.8511 4.99756810065e-11
508.1228 4.99793755836e-11
506.4062 5.00752898865e-11
504.701 5.02095455516e-11
503.0075 5.03847252991e-11
501.3252 5.06496644895e-11
499.6541 5.10087855521e-11
497.9941 5.14276542489e-11
496.3451 5.19483287613e-11
494.707 5.27141400228e-11
493.0797 5.38270756373e-11
491.463 5.5269050077e-11
489.857 5.70124342651e-11
488.2613 5.90852683452e-11
486.676 6.13896444841e-11
485.101 6.3558173366e-11
483.5362 6.52272521096e-11
481.9814 6.64697726117e-11
480.4366 6.7696691867e-11
478.9016 6.90085286268e-11
477.3766 6.98796791435e-11
475.861 6.97475636799e-11
474.3551 6.88120056938e-11
472.8588 6.79610198742e-11
471.3718 6.78982684593e-11
469.8941 6.86070169578e-11
468.4257 6.97238050947e-11
466.9664 7.10959869817e-11
465.5162 7.2713851841e-11
464.075 7.43119186643e-11
462.6427 7.54528483892e-11
461.2192 7.60694020437e-11
459.8044 7.66405173507e-11
458.3982 7.77010047086e-11
457.0006 7.93487022408e-11
455.6116 8.13553197276e-11
454.231 8.36041109713e-11
452.8587 8.62012056558e-11
451.4946 8.92243265842e-11
450.1388 9.25516115172e-11
448.7911 9.59740319128e-11
447.4514 9.93524630999e-11
446.1198 1.02660487135e-10
444.7959 1.06013751599e-10
443.4799 1.09712337225e-10
442.1718 1.14137682898e-10
440.8712 1.19510967193e-10
439.5783 1.25792033428e-10
438.2931 1.32861122752e-10
437.0152 1.40709266566e-10
435.7448 1.49376329017e-10
434.4818 1.5877957378e-10
433.2261 1.68718646588e-10
431.9775 1.78987995305e-10
430.7363 1.89302411622e-10
429.5021 1.99058360949e-10
428.275 2.07370214364e-10
427.0547 2.13538386898e-10
425.8415 2.17543946806e-10
424.6352 2.20018910598e-10
423.4357 2.21707291022e-10
422.2429 2.22936274072e-10
421.0568 2.23523505548e-10
419.8774 2.23036079093e-10
418.7045 2.21046685691e-10
417.5382 2.17207971788e-10
416.3784 2.11260422964e-10
415.225 2.03167881311e-10
414.078 1.93337131499e-10
412.9373 1.82694377722e-10
411.8028 1.72453020048e-10
410.6746 1.63708439092e-10
409.5525 1.57154217037e-10
408.4366 1.5302197904e-10
407.3268 1.51170426059e-10
406.2228 1.51201557972e-10
405.1249 1.52641563161e-10
404.0329 1.55155093067e-10
402.9468 1.58612504907e-10
401.8665 1.62900545766e-10
400.7921 1.67673581433e-10
399.7233 1.7236067739e-10
398.6602 1.76399747696e-10
397.6027 1.7942110708e-10
396.5509 1.81228938549e-10
395.5045 1.81721584808e-10
394.4638 1.8090004409e-10
393.4284 1.78870946788e-10
392.3985 1.75767003398e-10
391.3739 1.71696636653e-10
390.3547 1.66852258941e-10
389.3409 1.61617804643e-10
388.3322 1.56479561923e-10
387.3288 1.51809713918e-10
386.3304 1.47776315954e-10
385.3374 1.44424268858e-10
384.3493 1.41722231632e-10
383.3663 1.39509244747e-10
382.3883 1.37496297015e-10
381.4153 1.35418821351e-10
380.4473 1.33173220259e-10
379.4841 1.30785638256e-10
378.5258 1.28314979029e-10
377.5724 1.25836752175e-10
376.6237 1.23473107804e-10
375.6797 1.21348865606e-10
374.7405 1.19518215932e-10
373.8061 1.17993454265e-10
372.8762 1.16812607864e-10
371.9509 1.16021387435e-10
371.0303 1.15593582566e-10
370.1141 1.15433058134e-10
369.2025 1.15436761143e-10
368.2954 1.15487079859e-10
367.3927 1.1538522991e-10
366.4944 1.14900569695e-10
365.6006 1.13917227296e-10
364.711 1.1248716582e-10
363.8258 1.10707188357e-10
362.9448 1.08631262717e-10
362.0682 1.06317569595e-10
361.1957 1.03876550997e-10
360.3275 1.01397201465e-10
359.4634 9.88894720267e-11
358.6034 9.63826651241e-11
357.7476 9.40045520288e-11
356.8958 9.18832170935e-11
356.048 9.00277827791e-11
355.2043 8.83826020583e-11
354.3646 8.69637526882e-11
353.5288 8.58137280745e-11
352.697 8.48421886163e-11
