# Wavelength/frequency sampled is: 666.2054
0.0 1.1132063e-09
0.0628318530718 1.10755939628e-09
0.125663706144 1.09081955445e-09
0.188495559215 1.06357101752e-09
0.251327412287 1.02672940864e-09
0.314159265359 9.8146463622e-10
0.376991118431 9.29110591952e-10
0.439822971503 8.71074253157e-10
0.502654824574 8.08755082456e-10
0.565486677646 7.43482277477e-10
0.628318530718 6.76473501779e-10
0.69115038379 6.08815131059e-10
0.753982236862 5.41461335306e-10
0.816814089933 4.75247665206e-10
0.879645943005 4.10914107953e-10
0.942477796077 3.49132565983e-10
1.00530964915 2.90534120293e-10
1.06814150222 2.35732069694e-10
1.13097335529 1.85337499745e-10
1.19380520836 1.39965040942e-10
1.25663706144 1.00227589142e-10
1.31946891451 6.67201298841e-11
1.38230076758 3.99943890312e-11
1.44513262065 2.05276395511e-11
1.50796447372 8.69030437878e-12
1.57079632679 4.7176243e-12
1.63362817987 8.69030437878e-12
1.69646003294 2.05276395511e-11
1.75929188601 3.99943890312e-11
1.82212373908 6.67201298841e-11
1.88495559215 1.00227589142e-10
1.94778744523 1.39965040942e-10
2.0106192983 1.85337499745e-10
2.07345115137 2.35732069694e-10
2.13628300444 2.90534120293e-10
2.19911485751 3.49132565983e-10
2.26194671058 4.10914107953e-10
2.32477856366 4.75247665206e-10
2.38761041673 5.41461335306e-10
2.4504422698 6.08815131059e-10
2.51327412287 6.76473501779e-10
2.57610597594 7.43482277477e-10
2.63893782902 8.08755082456e-10
2.70176968209 8.71074253157e-10
2.76460153516 9.29110591952e-10
2.82743338823 9.8146463622e-10
2.8902652413 1.02672940864e-09
2.95309709437 1.06357101752e-09
3.01592894745 1.09081955445e-09
3.07876080052 1.10755939628e-09
3.14159265359 1.1132063e-09
3.20442450666 1.10755939628e-09
3.26725635973 1.09081955445e-09
3.33008821281 1.06357101752e-09
3.39292006588 1.02672940864e-09
3.45575191895 9.8146463622e-10
3.51858377202 9.29110591952e-10
3.58141562509 8.71074253157e-10
3.64424747816 8.08755082456e-10
3.70707933124 7.43482277477e-10
3.76991118431 6.76473501779e-10
3.83274303738 6.08815131059e-10
3.89557489045 5.41461335306e-10
3.95840674352 4.75247665206e-10
4.02123859659 4.10914107953e-10
4.08407044967 3.49132565983e-10
4.14690230274 2.90534120293e-10
4.20973415581 2.35732069694e-10
4.27256600888 1.85337499745e-10
4.33539786195 1.39965040942e-10
4.39822971503 1.00227589142e-10
4.4610615681 6.67201298841e-11
4.52389342117 3.99943890312e-11
4.58672527424 2.05276395511e-11
4.64955712731 8.69030437878e-12
4.71238898038 4.7176243e-12
4.77522083346 8.69030437878e-12
4.83805268653 2.05276395511e-11
4.9008845396 3.99943890312e-11
4.96371639267 6.67201298841e-11
5.02654824574 1.00227589142e-10
5.08938009882 1.39965040942e-10
5.15221195189 1.85337499745e-10
5.21504380496 2.35732069694e-10
5.27787565803 2.90534120293e-10
5.3407075111 3.49132565983e-10
5.40353936417 4.10914107953e-10
5.46637121725 4.75247665206e-10
5.52920307032 5.41461335306e-10
5.59203492339 6.08815131059e-10
5.65486677646 6.76473501779e-10
5.71769862953 7.43482277477e-10
5.78053048261 8.08755082456e-10
5.84336233568 8.71074253157e-10
5.90619418875 9.29110591952e-10
5.96902604182 9.8146463622e-10
6.03185789489 1.02672940864e-09
6.09468974796 1.06357101752e-09
6.15752160104 1.09081955445e-09
6.22035345411 1.10755939628e-09
6.28318530718 1.1132063e-09
